<?xml version="1.0" encoding="UTF-8"?>
<!-- Generated by org.testng.reporters.JUnitXMLReporter -->
<testsuite ignored="0" hostname="LAPTOP-G2M0RKTE" failures="0" tests="8" name="Test" time="0.116" errors="0" timestamp="2024-05-08T21:18:22 IST">
  <testcase classname="testCases.A" name="enterUrl" time="0.01"/>
  <testcase classname="testCases.A" name="launchBrowser" time="0.002"/>
  <testcase classname="testCases.AnnoationPractice" name="m1" time="0.003"/>
  <testcase classname="testCases.AnnoationPractice" name="z1" time="0.002"/>
  <testcase classname="testCases.SettingPriorities" name="driverinitialize" time="0.002"/>
  <testcase classname="testCases.SettingPriorities" name="enterURL" time="0.001"/>
  <testcase classname="testCases.SettingPriorities" name="enterCredentials" time="0.004"/>
  <testcase classname="testCases.SettingPriorities" name="driverClosing" time="0.002"/>
</testsuite> <!-- Test -->
